\BOOKMARK [0][-]{chapter*.2}{\376\377\000C\000o\000u\000r\000s\000e\000\040\000O\000b\000j\000e\000c\000t\000i\000v\000e\000s}{}% 1
\BOOKMARK [1][-]{section.0.1}{\376\377\000K\000n\000o\000w\000l\000e\000d\000g\000e}{chapter*.2}% 2
\BOOKMARK [1][-]{section.0.2}{\376\377\000S\000k\000i\000l\000l\000s}{chapter*.2}% 3
\BOOKMARK [1][-]{section.0.3}{\376\377\000A\000t\000t\000i\000t\000u\000d\000e}{chapter*.2}% 4
\BOOKMARK [0][-]{chapter*.3}{\376\377\000C\000o\000u\000r\000s\000e\000\040\000O\000u\000t\000c\000o\000m\000e\000s}{}% 5
\BOOKMARK [0][-]{chapter*.4}{\376\377\000C\000o\000u\000r\000s\000e\000\040\000C\000o\000n\000t\000e\000n\000t\000s}{}% 6
\BOOKMARK [1][-]{section.0.4}{\376\377\000M\000o\000d\000u\000l\000e\000\040\0001}{chapter*.4}% 7
\BOOKMARK [2][-]{subsection.0.4.1}{\376\377\000F\000o\000u\000n\000d\000a\000t\000i\000o\000n\000s\000\040\000o\000f\000\040\000I\000n\000f\000o\000r\000m\000a\000t\000i\000o\000n\000\040\000S\000e\000c\000u\000r\000i\000t\000y}{section.0.4}% 8
\BOOKMARK [2][-]{subsection.0.4.2}{\376\377\000C\000r\000y\000p\000t\000o\000g\000r\000a\000p\000h\000i\000c\000\040\000T\000e\000c\000h\000n\000i\000q\000u\000e\000s}{section.0.4}% 9
\BOOKMARK [1][-]{section.0.5}{\376\377\000M\000o\000d\000u\000l\000e\000\040\0002}{chapter*.4}% 10
\BOOKMARK [2][-]{subsection.0.5.1}{\376\377\000M\000a\000t\000h\000e\000m\000a\000t\000i\000c\000a\000l\000\040\000F\000o\000u\000n\000d\000a\000t\000i\000o\000n\000s\000\040\000a\000n\000d\000\040\000P\000u\000b\000l\000i\000c\000\040\000K\000e\000y\000\040\000C\000r\000y\000p\000t\000o\000g\000r\000a\000p\000h\000y}{section.0.5}% 11
\BOOKMARK [1][-]{section.0.6}{\376\377\000M\000o\000d\000u\000l\000e\000\040\0003}{chapter*.4}% 12
\BOOKMARK [2][-]{subsection.0.6.1}{\376\377\000F\000o\000u\000n\000d\000a\000t\000i\000o\000n\000s\000\040\000o\000f\000\040\000I\000n\000f\000o\000r\000m\000a\000t\000i\000o\000n\000\040\000S\000e\000c\000u\000r\000i\000t\000y}{section.0.6}% 13
\BOOKMARK [1][-]{section.0.7}{\376\377\000M\000o\000d\000u\000l\000e\000\040\0004}{chapter*.4}% 14
\BOOKMARK [2][-]{subsection.0.7.1}{\376\377\000N\000e\000t\000w\000o\000r\000k\000\040\000a\000n\000d\000\040\000C\000y\000b\000e\000r\000\040\000S\000e\000c\000u\000r\000i\000t\000y}{section.0.7}% 15
\BOOKMARK [1][-]{section.0.8}{\376\377\000M\000o\000d\000u\000l\000e\000\040\0005}{chapter*.4}% 16
\BOOKMARK [2][-]{subsection.0.8.1}{\376\377\000C\000y\000b\000e\000r\000s\000e\000c\000u\000r\000i\000t\000y\000\040\000T\000e\000c\000h\000n\000i\000q\000u\000e\000s\000,\000\040\000T\000o\000o\000l\000s\000\040\000a\000n\000d\000\040\000L\000a\000w\000s}{section.0.8}% 17
\BOOKMARK [0][-]{chapter*.5}{\376\377\000R\000e\000f\000e\000r\000e\000n\000c\000e\000s\000\040\000a\000n\000d\000\040\000F\000u\000r\000t\000h\000e\000r\000\040\000R\000e\000a\000d\000i\000n\000g}{}% 18
\BOOKMARK [1][-]{section.0.9}{\376\377\000B\000o\000o\000k\000s}{chapter*.5}% 19
\BOOKMARK [1][-]{section.0.10}{\376\377\000O\000t\000h\000e\000r\000\040\000R\000e\000s\000o\000u\000r\000c\000e\000s}{chapter*.5}% 20
\BOOKMARK [2][-]{subsection.0.10.1}{\376\377\000W\000e\000b\000\040\000R\000e\000s\000o\000u\000r\000c\000e\000s}{section.0.10}% 21
\BOOKMARK [2][-]{subsection.0.10.2}{\376\377\000M\000O\000O\000C\000s\000\040\000a\000n\000d\000\040\000W\000e\000b\000l\000i\000n\000k\000s}{section.0.10}% 22
\BOOKMARK [0][-]{chapter*.6}{\376\377\000G\000u\000i\000d\000e\000l\000i\000n\000e\000s\000\040\000f\000o\000r\000\040\000C\000C\000A\000\040\000a\000n\000d\000\040\000L\000C\000A}{}% 23
\BOOKMARK [0][-]{chapter.1}{\376\377\000C\000l\000a\000s\000s\000i\000c\000a\000l\000\040\000C\000r\000y\000p\000t\000o\000g\000r\000a\000p\000h\000i\000c\000\040\000T\000e\000c\000h\000n\000i\000q\000u\000e\000s}{}% 24
\BOOKMARK [1][-]{section.1.1}{\376\377\000A\000i\000m}{chapter.1}% 25
\BOOKMARK [1][-]{section.1.2}{\376\377\000O\000b\000j\000e\000c\000t\000i\000v\000e\000s}{chapter.1}% 26
\BOOKMARK [1][-]{section.1.3}{\376\377\000T\000h\000e\000o\000r\000y}{chapter.1}% 27
\BOOKMARK [2][-]{subsection.1.3.1}{\376\377\000C\000r\000y\000p\000t\000o\000g\000r\000a\000p\000h\000y}{section.1.3}% 28
\BOOKMARK [2][-]{subsection.1.3.2}{\376\377\000T\000y\000p\000e\000s\000\040\000o\000f\000\040\000C\000r\000y\000p\000t\000o\000g\000r\000a\000p\000h\000y}{section.1.3}% 29
\BOOKMARK [1][-]{section.1.4}{\376\377\000P\000l\000a\000t\000f\000o\000r\000m}{chapter.1}% 30
\BOOKMARK [1][-]{section.1.5}{\376\377\000P\000s\000e\000u\000d\000o\000\040\000C\000o\000d\000e\000\040\000o\000r\000\040\000A\000l\000g\000o\000r\000i\000t\000h\000m}{chapter.1}% 31
\BOOKMARK [1][-]{section.1.6}{\376\377\000I\000n\000p\000u\000t\000\040\000a\000n\000d\000\040\000O\000u\000t\000p\000u\000t}{chapter.1}% 32
\BOOKMARK [1][-]{section.1.7}{\376\377\000C\000o\000d\000e}{chapter.1}% 33
\BOOKMARK [1][-]{section.1.8}{\376\377\000C\000o\000n\000c\000l\000u\000s\000i\000o\000n}{chapter.1}% 34
\BOOKMARK [1][-]{section.1.9}{\376\377\000F\000A\000Q}{chapter.1}% 35
\BOOKMARK [0][-]{chapter.2}{\376\377\000F\000i\000e\000s\000t\000a\000l\000\040\000C\000i\000p\000h\000e\000r\000\040\000S\000t\000r\000u\000c\000t\000u\000r\000e\000\040\000-\000\040\000S\000D\000E\000S}{}% 36
\BOOKMARK [1][-]{section.2.1}{\376\377\000A\000i\000m}{chapter.2}% 37
\BOOKMARK [1][-]{section.2.2}{\376\377\000O\000b\000j\000e\000c\000t\000i\000v\000e\000s}{chapter.2}% 38
\BOOKMARK [1][-]{section.2.3}{\376\377\000T\000h\000e\000o\000r\000y}{chapter.2}% 39
\BOOKMARK [2][-]{subsection.2.3.1}{\376\377\000S\000y\000m\000m\000e\000t\000r\000i\000c\000\040\000K\000e\000y\000\040\000C\000r\000y\000p\000t\000o\000g\000r\000a\000p\000h\000y}{section.2.3}% 40
\BOOKMARK [2][-]{subsection.2.3.2}{\376\377\000F\000e\000i\000s\000t\000a\000l\000\040\000C\000i\000p\000h\000e\000r}{section.2.3}% 41
\BOOKMARK [2][-]{subsection.2.3.3}{\376\377\000F\000i\000e\000s\000t\000a\000l\000\040\000C\000i\000p\000h\000e\000r\000\040\000A\000l\000g\000o\000r\000i\000t\000h\000m}{section.2.3}% 42
\BOOKMARK [1][-]{section.2.4}{\376\377\000P\000l\000a\000t\000f\000o\000r\000m}{chapter.2}% 43
\BOOKMARK [1][-]{section.2.5}{\376\377\000I\000n\000p\000u\000t\000\040\000a\000n\000d\000\040\000O\000u\000t\000p\000u\000t}{chapter.2}% 44
\BOOKMARK [1][-]{section.2.6}{\376\377\000C\000o\000d\000e}{chapter.2}% 45
\BOOKMARK [1][-]{section.2.7}{\376\377\000C\000o\000n\000c\000l\000u\000s\000i\000o\000n}{chapter.2}% 46
\BOOKMARK [1][-]{section.2.8}{\376\377\000F\000A\000Q}{chapter.2}% 47
\BOOKMARK [0][-]{chapter.3}{\376\377\000S\000-\000A\000E\000S\000\040\000S\000y\000m\000m\000e\000t\000r\000i\000c\000\040\000K\000e\000y\000\040\000A\000l\000g\000o\000r\000i\000t\000h\000m}{}% 48
\BOOKMARK [1][-]{section.3.1}{\376\377\000A\000i\000m}{chapter.3}% 49
\BOOKMARK [1][-]{section.3.2}{\376\377\000O\000b\000j\000e\000c\000t\000i\000v\000e\000s}{chapter.3}% 50
\BOOKMARK [1][-]{section.3.3}{\376\377\000T\000h\000e\000o\000r\000y}{chapter.3}% 51
\BOOKMARK [2][-]{subsection.3.3.1}{\376\377\000W\000h\000a\000t\000\040\000i\000s\000\040\000S\000i\000m\000p\000l\000i\000f\000i\000e\000d\000\040\000A\000E\000S\000?}{section.3.3}% 52
\BOOKMARK [2][-]{subsection.3.3.2}{\376\377\000K\000e\000y\000\040\000E\000x\000p\000a\000n\000s\000i\000o\000n}{section.3.3}% 53
\BOOKMARK [2][-]{subsection.3.3.3}{\376\377\000C\000o\000n\000s\000t\000a\000n\000t\000s}{section.3.3}% 54
\BOOKMARK [2][-]{subsection.3.3.4}{\376\377\000S\000u\000b\000s\000t\000i\000t\000u\000t\000i\000o\000n}{section.3.3}% 55
\BOOKMARK [2][-]{subsection.3.3.5}{\376\377\000S\000h\000i\000f\000t\000\040\000R\000o\000w\000s}{section.3.3}% 56
\BOOKMARK [1][-]{section.3.4}{\376\377\000P\000l\000a\000t\000f\000o\000r\000m}{chapter.3}% 57
\BOOKMARK [1][-]{section.3.5}{\376\377\000I\000n\000p\000u\000t\000\040\000a\000n\000d\000\040\000O\000u\000t\000p\000u\000t}{chapter.3}% 58
\BOOKMARK [1][-]{section.3.6}{\376\377\000C\000o\000d\000e}{chapter.3}% 59
\BOOKMARK [1][-]{section.3.7}{\376\377\000C\000o\000n\000c\000l\000u\000s\000i\000o\000n}{chapter.3}% 60
\BOOKMARK [1][-]{section.3.8}{\376\377\000F\000A\000Q}{chapter.3}% 61
\BOOKMARK [0][-]{chapter.4}{\376\377\000R\000S\000A\000\040\000A\000s\000y\000m\000m\000e\000t\000r\000i\000c\000\040\000K\000e\000y\000\040\000A\000l\000g\000o\000r\000i\000t\000h\000m}{}% 62
\BOOKMARK [1][-]{section.4.1}{\376\377\000A\000i\000m}{chapter.4}% 63
\BOOKMARK [1][-]{section.4.2}{\376\377\000O\000b\000j\000e\000c\000t\000i\000v\000e\000s}{chapter.4}% 64
\BOOKMARK [1][-]{section.4.3}{\376\377\000T\000h\000e\000o\000r\000y}{chapter.4}% 65
\BOOKMARK [2][-]{subsection.4.3.1}{\376\377\000E\000u\000l\000e\000r\000\040\000T\000o\000t\000i\000e\000n\000t\000\040\000F\000u\000n\000c\000t\000i\000o\000n}{section.4.3}% 66
\BOOKMARK [2][-]{subsection.4.3.2}{\376\377\000E\000u\000c\000l\000i\000d\000e\000a\000n\000\040\000A\000l\000g\000o\000r\000i\000t\000h\000m}{section.4.3}% 67
\BOOKMARK [2][-]{subsection.4.3.3}{\376\377\000E\000x\000t\000e\000n\000d\000e\000d\000\040\000E\000u\000c\000l\000i\000d\000e\000a\000n\000\040\000A\000l\000g\000o\000r\000i\000t\000h\000m}{section.4.3}% 68
\BOOKMARK [2][-]{subsection.4.3.4}{\376\377\000R\000S\000A\000\040\000A\000l\000g\000o\000r\000i\000t\000h\000m}{section.4.3}% 69
\BOOKMARK [1][-]{section.4.4}{\376\377\000P\000l\000a\000t\000f\000o\000r\000m}{chapter.4}% 70
\BOOKMARK [1][-]{section.4.5}{\376\377\000I\000n\000p\000u\000t\000\040\000a\000n\000d\000\040\000O\000u\000t\000p\000u\000t}{chapter.4}% 71
\BOOKMARK [1][-]{section.4.6}{\376\377\000C\000o\000d\000e}{chapter.4}% 72
\BOOKMARK [1][-]{section.4.7}{\376\377\000C\000o\000n\000c\000l\000u\000s\000i\000o\000n}{chapter.4}% 73
\BOOKMARK [1][-]{section.4.8}{\376\377\000F\000A\000Q}{chapter.4}% 74
\BOOKMARK [0][-]{chapter.5}{\376\377\000I\000n\000t\000e\000g\000r\000i\000t\000y\000\040\000o\000f\000\040\000M\000e\000s\000s\000a\000g\000e\000\040\000u\000s\000i\000n\000g\000\040\000M\000D\0005\000\040\000o\000r\000\040\000S\000H\000A}{}% 75
\BOOKMARK [1][-]{section.5.1}{\376\377\000A\000i\000m}{chapter.5}% 76
\BOOKMARK [1][-]{section.5.2}{\376\377\000O\000b\000j\000e\000c\000t\000i\000v\000e\000s}{chapter.5}% 77
\BOOKMARK [1][-]{section.5.3}{\376\377\000T\000h\000e\000o\000r\000y}{chapter.5}% 78
\BOOKMARK [2][-]{subsection.5.3.1}{\376\377\000S\000e\000c\000u\000r\000e\000\040\000H\000a\000s\000h\000i\000n\000g\000\040\000A\000l\000g\000o\000r\000i\000t\000h\000m\000\040\000\050\000S\000H\000A\000-\0002\0005\0006\000\051}{section.5.3}% 79
\BOOKMARK [2][-]{subsection.5.3.2}{\376\377\000E\000x\000a\000m\000p\000l\000e}{section.5.3}% 80
\BOOKMARK [1][-]{section.5.4}{\376\377\000P\000l\000a\000t\000f\000o\000r\000m}{chapter.5}% 81
\BOOKMARK [1][-]{section.5.5}{\376\377\000I\000n\000p\000u\000t\000\040\000a\000n\000d\000\040\000O\000u\000t\000p\000u\000t}{chapter.5}% 82
\BOOKMARK [1][-]{section.5.6}{\376\377\000C\000o\000d\000e}{chapter.5}% 83
\BOOKMARK [1][-]{section.5.7}{\376\377\000C\000o\000n\000c\000l\000u\000s\000i\000o\000n}{chapter.5}% 84
\BOOKMARK [1][-]{section.5.8}{\376\377\000F\000A\000Q}{chapter.5}% 85
\BOOKMARK [0][-]{chapter.6}{\376\377\000D\000i\000f\000f\000i\000e\000\040\000H\000e\000l\000l\000m\000a\000n\000\040\000K\000e\000y\000\040\000E\000x\000c\000h\000a\000n\000g\000e\000\040\000A\000l\000g\000o\000r\000i\000t\000h\000m}{}% 86
\BOOKMARK [1][-]{section.6.1}{\376\377\000A\000i\000m}{chapter.6}% 87
\BOOKMARK [1][-]{section.6.2}{\376\377\000O\000b\000j\000e\000c\000t\000i\000v\000e\000s}{chapter.6}% 88
\BOOKMARK [1][-]{section.6.3}{\376\377\000T\000h\000e\000o\000r\000y}{chapter.6}% 89
\BOOKMARK [2][-]{subsection.6.3.1}{\376\377\000W\000h\000a\000t\000\040\000i\000s\000\040\000t\000h\000e\000\040\000D\000i\000f\000f\000i\000e\000-\000H\000e\000l\000l\000m\000a\000n\000\040\000K\000e\000y\000\040\000E\000x\000c\000h\000a\000n\000g\000e\000\040\000A\000l\000g\000o\000r\000i\000t\000h\000m\000?}{section.6.3}% 90
\BOOKMARK [2][-]{subsection.6.3.2}{\376\377\000W\000o\000r\000k\000i\000n\000g\000\040\000o\000f\000\040\000t\000h\000e\000\040\000A\000l\000g\000o\000r\000i\000t\000h\000m}{section.6.3}% 91
\BOOKMARK [2][-]{subsection.6.3.3}{\376\377\000E\000x\000a\000m\000p\000l\000e}{section.6.3}% 92
\BOOKMARK [1][-]{section.6.4}{\376\377\000P\000l\000a\000t\000f\000o\000r\000m}{chapter.6}% 93
\BOOKMARK [1][-]{section.6.5}{\376\377\000I\000n\000p\000u\000t\000\040\000a\000n\000d\000\040\000O\000u\000t\000p\000u\000t}{chapter.6}% 94
\BOOKMARK [1][-]{section.6.6}{\376\377\000C\000o\000d\000e}{chapter.6}% 95
\BOOKMARK [1][-]{section.6.7}{\376\377\000C\000o\000n\000c\000l\000u\000s\000i\000o\000n}{chapter.6}% 96
\BOOKMARK [1][-]{section.6.8}{\376\377\000F\000A\000Q}{chapter.6}% 97
\BOOKMARK [0][-]{chapter.7}{\376\377\000D\000i\000g\000i\000t\000a\000l\000\040\000s\000i\000g\000n\000a\000t\000u\000r\000e\000\040\000u\000s\000i\000n\000g\000\040\000D\000S\000A}{}% 98
\BOOKMARK [1][-]{section.7.1}{\376\377\000A\000i\000m}{chapter.7}% 99
\BOOKMARK [1][-]{section.7.2}{\376\377\000O\000b\000j\000e\000c\000t\000i\000v\000e\000s}{chapter.7}% 100
\BOOKMARK [1][-]{section.7.3}{\376\377\000T\000h\000e\000o\000r\000y}{chapter.7}% 101
\BOOKMARK [2][-]{subsection.7.3.1}{\376\377\000T\000h\000e\000\040\000D\000i\000g\000i\000t\000a\000l\000\040\000S\000i\000g\000n\000a\000t\000u\000r\000e\000\040\000A\000l\000g\000o\000r\000i\000t\000h\000m\000\040\000\050\000D\000S\000A\000\051}{section.7.3}% 102
\BOOKMARK [2][-]{subsection.7.3.2}{\376\377\000A\000l\000g\000o\000r\000i\000t\000h\000m}{section.7.3}% 103
\BOOKMARK [2][-]{subsection.7.3.3}{\376\377\000E\000x\000a\000m\000p\000l\000e}{section.7.3}% 104
\BOOKMARK [1][-]{section.7.4}{\376\377\000P\000l\000a\000t\000f\000o\000r\000m}{chapter.7}% 105
\BOOKMARK [1][-]{section.7.5}{\376\377\000I\000n\000p\000u\000t\000\040\000a\000n\000d\000\040\000O\000u\000t\000p\000u\000t}{chapter.7}% 106
\BOOKMARK [1][-]{section.7.6}{\376\377\000C\000o\000d\000e}{chapter.7}% 107
\BOOKMARK [1][-]{section.7.7}{\376\377\000C\000o\000n\000c\000l\000u\000s\000i\000o\000n}{chapter.7}% 108
\BOOKMARK [1][-]{section.7.8}{\376\377\000F\000A\000Q}{chapter.7}% 109
\BOOKMARK [0][-]{chapter.8}{\376\377\000E\000m\000a\000i\000l\000\040\000S\000e\000c\000u\000r\000i\000t\000y\000\040\000u\000s\000i\000n\000g\000\040\000-\000\040\000P\000G\000P\000\040\000o\000r\000\040\000S\000/\000M\000I\000M\000E\000\040\000f\000o\000r\000\040\000C\000o\000n\000f\000i\000d\000e\000n\000t\000i\000a\000l\000i\000t\000y\000,\000\040\000A\000u\000t\000h\000e\000n\000t\000i\000c\000i\000t\000y\000\040\000a\000n\000d\000\040\000I\000n\000t\000e\000g\000r\000i\000t\000y}{}% 110
\BOOKMARK [1][-]{section.8.1}{\376\377\000A\000i\000m}{chapter.8}% 111
\BOOKMARK [1][-]{section.8.2}{\376\377\000O\000b\000j\000e\000c\000t\000i\000v\000e\000s}{chapter.8}% 112
\BOOKMARK [1][-]{section.8.3}{\376\377\000T\000h\000e\000o\000r\000y}{chapter.8}% 113
\BOOKMARK [2][-]{subsection.8.3.1}{\376\377\000P\000G\000P}{section.8.3}% 114
\BOOKMARK [2][-]{subsection.8.3.2}{\376\377\000S\000t\000e\000p\000s\000\040\000t\000o\000\040\000S\000e\000n\000d\000\040\000a\000n\000\040\000E\000M\000a\000i\000l\000\040\000u\000s\000i\000n\000g\000\040\000P\000G\000P}{section.8.3}% 115
\BOOKMARK [1][-]{section.8.4}{\376\377\000P\000l\000a\000t\000f\000o\000r\000m}{chapter.8}% 116
\BOOKMARK [1][-]{section.8.5}{\376\377\000I\000n\000p\000u\000t\000\040\000a\000n\000d\000\040\000O\000u\000t\000p\000u\000t}{chapter.8}% 117
\BOOKMARK [2][-]{subsection.8.5.1}{\376\377\000G\000e\000n\000e\000r\000a\000t\000e\000d\000\040\000K\000e\000y\000s}{section.8.5}% 118
\BOOKMARK [1][-]{section.8.6}{\376\377\000C\000o\000n\000c\000l\000u\000s\000i\000o\000n}{chapter.8}% 119
\BOOKMARK [1][-]{section.8.7}{\376\377\000F\000A\000Q}{chapter.8}% 120
\BOOKMARK [0][-]{chapter.9}{\376\377\000S\000e\000c\000u\000r\000e\000d\000\040\000w\000e\000b\000\040\000a\000p\000p\000l\000i\000c\000a\000t\000i\000o\000n\000s\000\040\000s\000y\000s\000t\000e\000m\000\040\000u\000s\000i\000n\000g\000\040\000S\000S\000L\000\040\000c\000e\000r\000t\000i\000f\000i\000c\000a\000t\000e\000s\000\040\000a\000n\000d\000\040\000i\000t\000s\000\040\000d\000e\000p\000l\000o\000y\000m\000e\000n\000t\000\040\000i\000n\000\040\000A\000p\000a\000c\000h\000e\000\040\000T\000o\000m\000c\000a\000t\000\040\000S\000e\000r\000v\000e\000r}{}% 121
\BOOKMARK [1][-]{section.9.1}{\376\377\000A\000i\000m}{chapter.9}% 122
\BOOKMARK [1][-]{section.9.2}{\376\377\000O\000b\000j\000e\000c\000t\000i\000v\000e\000s}{chapter.9}% 123
\BOOKMARK [1][-]{section.9.3}{\376\377\000T\000h\000e\000o\000r\000y}{chapter.9}% 124
\BOOKMARK [2][-]{subsection.9.3.1}{\376\377\000S\000S\000L\000\040\000C\000e\000r\000t\000i\000f\000i\000c\000a\000t\000e}{section.9.3}% 125
\BOOKMARK [2][-]{subsection.9.3.2}{\376\377\000H\000o\000w\000\040\000d\000o\000e\000s\000\040\000a\000n\000\040\000S\000S\000L\000\040\000c\000e\000r\000t\000i\000f\000i\000c\000a\000t\000e\000\040\000w\000o\000r\000k\000?}{section.9.3}% 126
\BOOKMARK [2][-]{subsection.9.3.3}{\376\377\000T\000y\000p\000e\000s\000\040\000o\000f\000\040\000S\000S\000L\000\040\000c\000e\000r\000t\000i\000f\000i\000c\000a\000t\000e\000s}{section.9.3}% 127
\BOOKMARK [2][-]{subsection.9.3.4}{\376\377\000B\000e\000n\000e\000f\000i\000t\000s\000\040\000o\000f\000\040\000S\000S\000L\000\040\000c\000e\000r\000t\000i\000f\000i\000c\000a\000t\000e\000s}{section.9.3}% 128
\BOOKMARK [2][-]{subsection.9.3.5}{\376\377\000E\000x\000a\000m\000p\000l\000e}{section.9.3}% 129
\BOOKMARK [1][-]{section.9.4}{\376\377\000P\000l\000a\000t\000f\000o\000r\000m}{chapter.9}% 130
\BOOKMARK [1][-]{section.9.5}{\376\377\000I\000n\000p\000u\000t\000\040\000a\000n\000d\000\040\000O\000u\000t\000p\000u\000t}{chapter.9}% 131
\BOOKMARK [1][-]{section.9.6}{\376\377\000C\000o\000n\000c\000l\000u\000s\000i\000o\000n}{chapter.9}% 132
\BOOKMARK [1][-]{section.9.7}{\376\377\000F\000A\000Q}{chapter.9}% 133
\BOOKMARK [0][-]{chapter.10}{\376\377\000I\000n\000t\000r\000u\000s\000i\000o\000n\000\040\000D\000e\000t\000e\000c\000t\000i\000o\000n\000\040\000S\000y\000s\000t\000e\000m\000\040\000u\000s\000i\000n\000g\000\040\000S\000n\000o\000r\000t}{}% 134
\BOOKMARK [1][-]{section.10.1}{\376\377\000A\000i\000m}{chapter.10}% 135
\BOOKMARK [1][-]{section.10.2}{\376\377\000O\000b\000j\000e\000c\000t\000i\000v\000e\000s}{chapter.10}% 136
\BOOKMARK [1][-]{section.10.3}{\376\377\000T\000h\000e\000o\000r\000y}{chapter.10}% 137
\BOOKMARK [2][-]{subsection.10.3.1}{\376\377\000H\000I\000D\000S\000\040\000-\000\040\000H\000o\000s\000t\000-\000b\000a\000s\000e\000d\000\040\000I\000D\000S}{section.10.3}% 138
\BOOKMARK [2][-]{subsection.10.3.2}{\376\377\000N\000I\000D\000S\000\040\000-\000\040\000N\000e\000t\000w\000o\000r\000k\000-\000b\000a\000s\000e\000d\000\040\000I\000D\000S}{section.10.3}% 139
\BOOKMARK [1][-]{section.10.4}{\376\377\000P\000l\000a\000t\000f\000o\000r\000m}{chapter.10}% 140
\BOOKMARK [1][-]{section.10.5}{\376\377\000I\000n\000p\000u\000t\000\040\000a\000n\000d\000\040\000O\000u\000t\000p\000u\000t}{chapter.10}% 141
\BOOKMARK [1][-]{section.10.6}{\376\377\000C\000o\000n\000c\000l\000u\000s\000i\000o\000n}{chapter.10}% 142
\BOOKMARK [1][-]{section.10.7}{\376\377\000F\000A\000Q}{chapter.10}% 143
\BOOKMARK [0][-]{chapter.11}{\376\377\000N\000E\000S\000S\000U\000S\000\040\000t\000o\000o\000l\000\040\000f\000o\000r\000\040\000V\000u\000l\000n\000e\000r\000a\000b\000i\000l\000i\000t\000y\000\040\000A\000s\000s\000e\000s\000s\000m\000e\000n\000t}{}% 144
\BOOKMARK [1][-]{section.11.1}{\376\377\000A\000i\000m}{chapter.11}% 145
\BOOKMARK [1][-]{section.11.2}{\376\377\000O\000b\000j\000e\000c\000t\000i\000v\000e\000s}{chapter.11}% 146
\BOOKMARK [1][-]{section.11.3}{\376\377\000T\000h\000e\000o\000r\000y}{chapter.11}% 147
\BOOKMARK [2][-]{subsection.11.3.1}{\376\377\000V\000u\000l\000n\000e\000r\000a\000b\000i\000l\000i\000t\000y\000\040\000A\000s\000s\000e\000s\000s\000m\000e\000n\000t}{section.11.3}% 148
\BOOKMARK [2][-]{subsection.11.3.2}{\376\377\000H\000o\000w\000\040\000N\000e\000s\000s\000u\000s\000\040\000W\000o\000r\000k\000s}{section.11.3}% 149
\BOOKMARK [1][-]{section.11.4}{\376\377\000P\000l\000a\000t\000f\000o\000r\000m}{chapter.11}% 150
\BOOKMARK [1][-]{section.11.5}{\376\377\000I\000n\000p\000u\000t\000\040\000a\000n\000d\000\040\000O\000u\000t\000p\000u\000t}{chapter.11}% 151
\BOOKMARK [1][-]{section.11.6}{\376\377\000C\000o\000n\000c\000l\000u\000s\000i\000o\000n}{chapter.11}% 152
\BOOKMARK [1][-]{section.11.7}{\376\377\000F\000A\000Q}{chapter.11}% 153
