\BOOKMARK [1][-]{section.1}{\376\377\000A\000i\000m}{}% 1
\BOOKMARK [1][-]{section.2}{\376\377\000O\000b\000j\000e\000c\000t\000i\000v\000e\000s}{}% 2
\BOOKMARK [1][-]{section.3}{\376\377\000P\000r\000o\000b\000l\000e\000m\000\040\000S\000t\000a\000t\000e\000m\000e\000n\000t}{}% 3
\BOOKMARK [1][-]{section.4}{\376\377\000T\000h\000e\000o\000r\000y}{}% 4
\BOOKMARK [2][-]{subsection.4.1}{\376\377\000O\000b\000j\000e\000c\000t\000\040\000O\000r\000i\000e\000n\000t\000e\000d\000\040\000P\000r\000o\000g\000r\000a\000m\000m\000i\000n\000g\000\040\000i\000n\000\040\000P\000y\000t\000h\000o\000n}{section.4}% 5
\BOOKMARK [3][-]{subsubsection.4.1.1}{\376\377\000D\000e\000f\000i\000n\000i\000t\000i\000o\000n}{subsection.4.1}% 6
\BOOKMARK [3][-]{subsubsection.4.1.2}{\376\377\000E\000x\000a\000m\000p\000l\000e}{subsection.4.1}% 7
\BOOKMARK [3][-]{subsubsection.4.1.3}{\376\377\000E\000x\000p\000l\000a\000n\000a\000t\000i\000o\000n}{subsection.4.1}% 8
\BOOKMARK [2][-]{subsection.4.2}{\376\377\000I\000n\000h\000e\000r\000i\000t\000a\000n\000c\000e}{section.4}% 9
\BOOKMARK [3][-]{subsubsection.4.2.1}{\376\377\000D\000e\000f\000i\000n\000i\000t\000i\000o\000n}{subsection.4.2}% 10
\BOOKMARK [3][-]{subsubsection.4.2.2}{\376\377\000E\000x\000a\000m\000p\000l\000e}{subsection.4.2}% 11
\BOOKMARK [3][-]{subsubsection.4.2.3}{\376\377\000E\000x\000p\000l\000a\000n\000a\000t\000i\000o\000n}{subsection.4.2}% 12
\BOOKMARK [2][-]{subsection.4.3}{\376\377\000P\000o\000l\000y\000m\000o\000r\000p\000h\000i\000s\000m}{section.4}% 13
\BOOKMARK [3][-]{subsubsection.4.3.1}{\376\377\000D\000e\000f\000i\000n\000i\000t\000i\000o\000n}{subsection.4.3}% 14
\BOOKMARK [3][-]{subsubsection.4.3.2}{\376\377\000E\000x\000a\000m\000p\000l\000e}{subsection.4.3}% 15
\BOOKMARK [1][-]{section.5}{\376\377\000I\000n\000p\000u\000t\000\040\000a\000n\000d\000\040\000O\000u\000t\000p\000u\000t}{}% 16
\BOOKMARK [2][-]{subsection.5.1}{\376\377\000I\000n\000p\000u\000t}{section.5}% 17
\BOOKMARK [2][-]{subsection.5.2}{\376\377\000O\000u\000t\000p\000u\000t}{section.5}% 18
\BOOKMARK [1][-]{section.6}{\376\377\000C\000o\000d\000e}{}% 19
\BOOKMARK [2][-]{subsection.6.1}{\376\377\000A\000s\000s\000i\000g\000n\000m\000e\000n\000t\000\040\0006\000\040\000-\000\040\000C\000l\000a\000s\000s\000e\000s\000\040\000a\000n\000d\000\040\000O\000b\000j\000e\000c\000t\000s}{section.6}% 20
\BOOKMARK [3][-]{subsubsection.6.1.1}{\376\377\000W\000r\000i\000t\000e\000\040\000a\000\040\000p\000r\000o\000g\000r\000a\000m\000\040\000t\000o\000\040\000r\000e\000a\000d\000\040\0003\000\040\000s\000u\000b\000j\000e\000c\000t\000\040\000m\000a\000r\000k\000s\000\040\000a\000n\000d\000\040\000d\000i\000s\000p\000l\000a\000y\000\040\000p\000a\000s\000s\000\040\000o\000r\000\040\000f\000a\000i\000l\000e\000d\000\040\000u\000s\000i\000n\000g\000\040\000c\000l\000a\000s\000s\000\040\000a\000n\000d\000\040\000o\000b\000j\000e\000c\000t\000.}{subsection.6.1}% 21
\BOOKMARK [1][-]{section.7}{\376\377\000C\000o\000n\000c\000l\000u\000s\000i\000o\000n}{}% 22
\BOOKMARK [1][-]{section.8}{\376\377\000F\000A\000Q}{}% 23
