\BOOKMARK [1][-]{section.1}{\376\377\000A\000i\000m}{}% 1
\BOOKMARK [1][-]{section.2}{\376\377\000O\000b\000j\000e\000c\000t\000i\000v\000e\000s}{}% 2
\BOOKMARK [1][-]{section.3}{\376\377\000P\000r\000o\000b\000l\000e\000m\000\040\000S\000t\000a\000t\000e\000m\000e\000n\000t}{}% 3
\BOOKMARK [1][-]{section.4}{\376\377\000T\000h\000e\000o\000r\000y}{}% 4
\BOOKMARK [2][-]{subsection.4.1}{\376\377\000S\000Q\000L\000\040\000D\000a\000t\000a\000\040\000M\000a\000n\000i\000p\000u\000l\000a\000t\000i\000o\000n\000\040\000L\000a\000n\000g\000u\000a\000g\000e\000\040\000\050\000D\000M\000L\000\051}{section.4}% 5
\BOOKMARK [3][-]{subsubsection.4.1.1}{\376\377\000W\000h\000a\000t\000\040\000i\000s\000\040\000D\000a\000t\000a\000\040\000M\000a\000n\000i\000p\000u\000l\000a\000t\000i\000o\000n\000\040\000L\000a\000n\000g\000u\000a\000g\000e\000?}{subsection.4.1}% 6
\BOOKMARK [3][-]{subsubsection.4.1.2}{\376\377\000D\000M\000L\000\040\000C\000o\000m\000m\000a\000n\000d\000s}{subsection.4.1}% 7
\BOOKMARK [2][-]{subsection.4.2}{\376\377\000D\000M\000L\000\040\000C\000o\000m\000m\000a\000n\000d\000\040\000S\000y\000n\000t\000a\000x\000\040\000a\000n\000d\000\040\000E\000x\000a\000m\000p\000l\000e\000s}{section.4}% 8
\BOOKMARK [2][-]{subsection.4.3}{\376\377\000S\000E\000L\000E\000C\000T\000\040\000q\000u\000e\000r\000y}{section.4}% 9
\BOOKMARK [3][-]{subsubsection.4.3.1}{\376\377\000W\000h\000a\000t\000\040\000i\000s\000\040\000S\000E\000L\000E\000C\000T\000\040\000q\000u\000e\000r\000y\000?}{subsection.4.3}% 10
\BOOKMARK [3][-]{subsubsection.4.3.2}{\376\377\000S\000E\000L\000E\000C\000T\000\040\000S\000y\000n\000t\000a\000x}{subsection.4.3}% 11
\BOOKMARK [3][-]{subsubsection.4.3.3}{\376\377\000S\000E\000L\000E\000C\000T\000\040\000O\000p\000e\000r\000a\000t\000o\000r\000s}{subsection.4.3}% 12
\BOOKMARK [3][-]{subsubsection.4.3.4}{\376\377\000E\000x\000a\000m\000p\000l\000e\000s\000\040\000o\000f\000\040\000t\000h\000e\000\040\000S\000E\000L\000E\000C\000T\000\040\000Q\000u\000e\000r\000y}{subsection.4.3}% 13
\BOOKMARK [2][-]{subsection.4.4}{\376\377\000S\000Q\000L\000\040\000O\000p\000e\000r\000a\000t\000o\000r\000s}{section.4}% 14
\BOOKMARK [3][-]{subsubsection.4.4.1}{\376\377\000W\000h\000a\000t\000\040\000a\000r\000e\000\040\000S\000Q\000L\000\040\000O\000p\000e\000r\000a\000t\000o\000r\000s\000?}{subsection.4.4}% 15
\BOOKMARK [3][-]{subsubsection.4.4.2}{\376\377\000S\000Q\000L\000\040\000O\000p\000e\000r\000a\000t\000o\000r\000s}{subsection.4.4}% 16
\BOOKMARK [3][-]{subsubsection.4.4.3}{\376\377\000A\000r\000i\000t\000h\000m\000e\000t\000i\000c\000\040\000O\000p\000e\000r\000a\000t\000o\000r\000s}{subsection.4.4}% 17
\BOOKMARK [3][-]{subsubsection.4.4.4}{\376\377\000C\000o\000m\000p\000a\000r\000i\000s\000o\000n\000\040\000O\000p\000e\000r\000a\000t\000o\000r\000s}{subsection.4.4}% 18
\BOOKMARK [3][-]{subsubsection.4.4.5}{\376\377\000L\000o\000g\000i\000c\000a\000l\000\040\000O\000p\000e\000r\000a\000t\000o\000r\000s}{subsection.4.4}% 19
\BOOKMARK [1][-]{section.5}{\376\377\000P\000l\000a\000t\000f\000o\000r\000m}{}% 20
\BOOKMARK [1][-]{section.6}{\376\377\000I\000n\000p\000u\000t}{}% 21
\BOOKMARK [1][-]{section.7}{\376\377\000O\000u\000t\000p\000u\000t}{}% 22
\BOOKMARK [1][-]{section.8}{\376\377\000C\000o\000n\000c\000l\000u\000s\000i\000o\000n}{}% 23
\BOOKMARK [1][-]{section.9}{\376\377\000F\000A\000Q}{}% 24
