\BOOKMARK [1][-]{section.1}{\376\377\000A\000i\000m}{}% 1
\BOOKMARK [1][-]{section.2}{\376\377\000O\000b\000j\000e\000c\000t\000i\000v\000e\000s}{}% 2
\BOOKMARK [1][-]{section.3}{\376\377\000P\000r\000o\000b\000l\000e\000m\000\040\000S\000t\000a\000t\000e\000m\000e\000n\000t}{}% 3
\BOOKMARK [1][-]{section.4}{\376\377\000T\000h\000e\000o\000r\000y}{}% 4
\BOOKMARK [2][-]{subsection.4.1}{\376\377\000G\000r\000o\000u\000p\000\040\000F\000u\000n\000c\000t\000i\000o\000n\000s}{section.4}% 5
\BOOKMARK [2][-]{subsection.4.2}{\376\377\000S\000Q\000L\000\040\000J\000o\000i\000n\000\040\000T\000y\000p\000e\000s}{section.4}% 6
\BOOKMARK [2][-]{subsection.4.3}{\376\377\000I\000n\000n\000e\000r\000\040\000J\000o\000i\000n\000\040\000o\000r\000\040\000S\000i\000m\000p\000l\000e\000\040\000J\000o\000i\000n}{section.4}% 7
\BOOKMARK [2][-]{subsection.4.4}{\376\377\000L\000e\000f\000t\000\040\000J\000o\000i\000n}{section.4}% 8
\BOOKMARK [2][-]{subsection.4.5}{\376\377\000R\000i\000g\000h\000t\000\040\000J\000o\000i\000n}{section.4}% 9
\BOOKMARK [2][-]{subsection.4.6}{\376\377\000N\000a\000t\000u\000r\000a\000l\000\040\000J\000o\000i\000n}{section.4}% 10
\BOOKMARK [2][-]{subsection.4.7}{\376\377\000F\000u\000l\000l\000\040\000O\000u\000t\000e\000r\000\040\000J\000o\000i\000n}{section.4}% 11
\BOOKMARK [2][-]{subsection.4.8}{\376\377\000C\000r\000o\000s\000s\000\040\000J\000o\000i\000n}{section.4}% 12
\BOOKMARK [2][-]{subsection.4.9}{\376\377\000S\000e\000l\000f\000\040\000J\000o\000i\000n}{section.4}% 13
\BOOKMARK [1][-]{section.5}{\376\377\000P\000l\000a\000t\000f\000o\000r\000m}{}% 14
\BOOKMARK [1][-]{section.6}{\376\377\000I\000n\000p\000u\000t}{}% 15
\BOOKMARK [1][-]{section.7}{\376\377\000E\000x\000e\000c\000u\000t\000e\000d\000\040\000Q\000u\000e\000r\000i\000e\000s}{}% 16
\BOOKMARK [2][-]{subsection.7.1}{\376\377\000Q\000u\000e\000s\000t\000i\000o\000n\000s\000\040\000S\000e\000t\000A}{section.7}% 17
\BOOKMARK [2][-]{subsection.7.2}{\376\377\000Q\000u\000e\000s\000t\000i\000o\000n\000s\000\040\000S\000e\000t\000\040\000B}{section.7}% 18
\BOOKMARK [1][-]{section.8}{\376\377\000C\000o\000n\000c\000l\000u\000s\000i\000o\000n}{}% 19
\BOOKMARK [1][-]{section.9}{\376\377\000F\000A\000Q}{}% 20
