\BOOKMARK [1][-]{section.1}{\376\377\000A\000i\000m}{}% 1
\BOOKMARK [1][-]{section.2}{\376\377\000O\000b\000j\000e\000c\000t\000i\000v\000e\000s}{}% 2
\BOOKMARK [1][-]{section.3}{\376\377\000P\000r\000o\000b\000l\000e\000m\000\040\000S\000t\000a\000t\000e\000m\000e\000n\000t}{}% 3
\BOOKMARK [1][-]{section.4}{\376\377\000T\000h\000e\000o\000r\000y}{}% 4
\BOOKMARK [2][-]{subsection.4.1}{\376\377\000I\000n\000t\000r\000o\000d\000u\000c\000t\000i\000o\000n\000\040\000t\000o\000\040\000P\000y\000t\000h\000o\000n}{section.4}% 5
\BOOKMARK [2][-]{subsection.4.2}{\376\377\000A\000s\000s\000i\000g\000n\000i\000n\000g\000\040\000V\000a\000l\000u\000e\000s\000\040\000t\000o\000\040\000V\000a\000r\000i\000a\000b\000l\000e\000s}{section.4}% 6
\BOOKMARK [2][-]{subsection.4.3}{\376\377\000M\000u\000l\000t\000i\000p\000l\000e\000\040\000A\000s\000s\000i\000g\000n\000m\000e\000n\000t}{section.4}% 7
\BOOKMARK [2][-]{subsection.4.4}{\376\377\000S\000t\000a\000n\000d\000a\000r\000d\000\040\000D\000a\000t\000a\000\040\000T\000y\000p\000e\000s}{section.4}% 8
\BOOKMARK [2][-]{subsection.4.5}{\376\377\000P\000y\000t\000h\000o\000n\000\040\000N\000u\000m\000b\000e\000r\000s}{section.4}% 9
\BOOKMARK [2][-]{subsection.4.6}{\376\377\000P\000y\000t\000h\000o\000n\000\040\000S\000t\000r\000i\000n\000g\000s}{section.4}% 10
\BOOKMARK [2][-]{subsection.4.7}{\376\377\000P\000y\000t\000h\000o\000n\000\040\000L\000i\000s\000t\000s}{section.4}% 11
\BOOKMARK [2][-]{subsection.4.8}{\376\377\000P\000y\000t\000h\000o\000n\000\040\000T\000u\000p\000l\000e\000s}{section.4}% 12
\BOOKMARK [2][-]{subsection.4.9}{\376\377\000P\000y\000t\000h\000o\000n\000\040\000D\000i\000c\000t\000i\000o\000n\000a\000r\000y}{section.4}% 13
\BOOKMARK [1][-]{section.5}{\376\377\000U\000s\000e\000r\000\040\000I\000n\000p\000u\000t}{}% 14
\BOOKMARK [2][-]{subsection.5.1}{\376\377\000E\000x\000a\000m\000p\000l\000e\000s}{section.5}% 15
\BOOKMARK [3][-]{subsubsection.5.1.1}{\376\377\000A\000c\000c\000e\000p\000t\000i\000n\000g\000\040\000M\000u\000l\000t\000i\000p\000l\000e\000\040\000V\000a\000l\000u\000e\000s\000\040\000f\000r\000o\000m\000\040\000U\000s\000e\000r}{subsection.5.1}% 16
\BOOKMARK [1][-]{section.6}{\376\377\000P\000l\000a\000t\000f\000o\000r\000m}{}% 17
\BOOKMARK [1][-]{section.7}{\376\377\000L\000i\000b\000r\000a\000r\000i\000e\000s\000\040\000U\000s\000e\000d\000\040\000w\000i\000t\000h\000\040\000p\000i\000p}{}% 18
\BOOKMARK [1][-]{section.8}{\376\377\000I\000n\000p\000u\000t}{}% 19
\BOOKMARK [1][-]{section.9}{\376\377\000O\000u\000t\000p\000u\000t}{}% 20
\BOOKMARK [1][-]{section.10}{\376\377\000C\000o\000d\000e}{}% 21
\BOOKMARK [1][-]{section.11}{\376\377\000L\000e\000a\000r\000n\000i\000n\000g\000\040\000B\000a\000s\000i\000c\000s\000\040\000o\000f\000\040\000P\000y\000t\000h\000o\000n\000\040\000-\000\040\000A\000s\000s\000i\000g\000n\000m\000e\000n\000t\000\040\0001}{}% 22
\BOOKMARK [2][-]{subsubsection.11.0.1}{\376\377\000D\000e\000c\000l\000a\000r\000i\000n\000g\000\040\000V\000a\000r\000i\000a\000b\000l\000e\000s}{section.11}% 23
\BOOKMARK [3][-]{subsubsection.11.0.2}{\376\377\000T\000o\000\040\000f\000i\000n\000d\000\040\000t\000h\000e\000\040\000t\000y\000p\000e\000\040\000o\000f\000\040\000t\000h\000e\000\040\000V\000a\000r\000i\000a\000b\000l\000e}{subsubsection.11.0.1}% 24
\BOOKMARK [3][-]{subsubsection.11.0.3}{\376\377\000T\000a\000k\000i\000n\000g\000\040\000I\000n\000p\000u\000t\000s}{subsubsection.11.0.1}% 25
\BOOKMARK [3][-]{subsubsection.11.0.4}{\376\377\000M\000u\000l\000t\000i\000p\000l\000e\000\040\000I\000n\000p\000u\000t\000s}{subsubsection.11.0.1}% 26
\BOOKMARK [1][-]{section.12}{\376\377\000C\000o\000n\000c\000l\000u\000s\000i\000o\000n}{}% 27
\BOOKMARK [1][-]{section.13}{\376\377\000F\000A\000Q}{}% 28
