\BOOKMARK [1][-]{section.1}{\376\377\000O\000b\000j\000e\000c\000t\000i\000v\000e\000s}{}% 1
\BOOKMARK [1][-]{section.2}{\376\377\000P\000r\000o\000b\000l\000e\000m\000\040\000S\000t\000a\000t\000e\000m\000e\000n\000t}{}% 2
\BOOKMARK [1][-]{section.3}{\376\377\000T\000h\000e\000o\000r\000y}{}% 3
\BOOKMARK [2][-]{subsection.3.1}{\376\377\000H\000e\000a\000p}{section.3}% 4
\BOOKMARK [2][-]{subsection.3.2}{\376\377\000T\000y\000p\000e\000s\000\040\000o\000f\000\040\000H\000e\000a\000p\000s}{section.3}% 5
\BOOKMARK [2][-]{subsection.3.3}{\376\377\000C\000o\000n\000s\000t\000r\000u\000c\000t\000i\000o\000n\000\040\000o\000f\000\040\000h\000e\000a\000p\000s}{section.3}% 6
\BOOKMARK [2][-]{subsection.3.4}{\376\377\000D\000a\000t\000a\000\040\000S\000t\000r\000u\000c\000t\000u\000r\000e\000s\000\040\000U\000s\000e\000d\000\040\000f\000o\000r\000\040\000H\000e\000a\000p\000\040\000C\000o\000n\000s\000t\000r\000u\000c\000t\000i\000o\000n\000s}{section.3}% 7
\BOOKMARK [2][-]{subsection.3.5}{\376\377\000T\000i\000m\000e\000\040\000a\000n\000d\000\040\000S\000p\000a\000c\000e\000\040\000C\000o\000m\000p\000l\000e\000x\000i\000t\000i\000e\000s\000\040\000A\000s\000s\000o\000c\000i\000a\000t\000e\000d\000\040\000w\000i\000t\000h\000\040\000H\000e\000a\000p}{section.3}% 8
\BOOKMARK [2][-]{subsection.3.6}{\376\377\000H\000e\000a\000p\000\040\000V\000s\000\040\000B\000i\000n\000a\000r\000y\000\040\000S\000e\000a\000r\000c\000h\000\040\000T\000r\000e\000e\000s}{section.3}% 9
\BOOKMARK [2][-]{subsection.3.7}{\376\377\000A\000p\000p\000l\000i\000c\000a\000t\000i\000o\000n\000s\000\040\000o\000f\000\040\000H\000e\000a\000p}{section.3}% 10
\BOOKMARK [1][-]{section.4}{\376\377\000P\000l\000a\000t\000f\000o\000r\000m}{}% 11
\BOOKMARK [1][-]{section.5}{\376\377\000T\000e\000s\000t\000\040\000C\000o\000n\000d\000i\000t\000i\000o\000n\000s}{}% 12
\BOOKMARK [1][-]{section.6}{\376\377\000I\000n\000p\000u\000t\000\040\000a\000n\000d\000\040\000O\000u\000t\000p\000u\000t}{}% 13
\BOOKMARK [1][-]{section.7}{\376\377\000P\000s\000e\000u\000d\000o\000\040\000C\000o\000d\000e}{}% 14
\BOOKMARK [1][-]{section.8}{\376\377\000T\000i\000m\000e\000\040\000C\000o\000m\000p\000l\000e\000x\000i\000t\000y}{}% 15
\BOOKMARK [2][-]{subsection.8.1}{\376\377\000M\000i\000n\000\040\000a\000n\000d\000\040\000M\000a\000x\000\040\000H\000e\000a\000p\000\040\000C\000r\000e\000a\000t\000i\000o\000n}{section.8}% 16
\BOOKMARK [2][-]{subsection.8.2}{\376\377\000M\000i\000n\000\040\000o\000r\000\040\000M\000a\000x\000\040\000H\000e\000a\000p\000\040\000T\000r\000a\000v\000e\000r\000s\000a\000l}{section.8}% 17
\BOOKMARK [2][-]{subsection.8.3}{\376\377\000H\000e\000a\000p\000\040\000S\000o\000r\000t}{section.8}% 18
\BOOKMARK [1][-]{section.9}{\376\377\000S\000e\000a\000r\000c\000h\000i\000n\000g\000\040\000i\000n\000\040\000H\000e\000a\000p}{}% 19
\BOOKMARK [1][-]{section.10}{\376\377\000C\000o\000d\000e}{}% 20
\BOOKMARK [2][-]{subsection.10.1}{\376\377\000P\000r\000o\000g\000r\000a\000m}{section.10}% 21
\BOOKMARK [1][-]{section.11}{\376\377\000C\000o\000n\000c\000l\000u\000s\000i\000o\000n}{}% 22
\BOOKMARK [1][-]{section.12}{\376\377\000F\000A\000Q}{}% 23
