\BOOKMARK [1][-]{section.1}{\376\377\000O\000b\000j\000e\000c\000t\000i\000v\000e\000s}{}% 1
\BOOKMARK [1][-]{section.2}{\376\377\000P\000r\000o\000b\000l\000e\000m\000\040\000S\000t\000a\000t\000e\000m\000e\000n\000t}{}% 2
\BOOKMARK [1][-]{section.3}{\376\377\000T\000h\000e\000o\000r\000y}{}% 3
\BOOKMARK [2][-]{subsection.3.1}{\376\377\000W\000h\000a\000t\000\040\000i\000s\000\040\000H\000a\000s\000h\000i\000n\000g\000?}{section.3}% 4
\BOOKMARK [3][-]{subsubsection.3.1.1}{\376\377\000H\000a\000s\000h\000i\000n\000g\000\040\000i\000n\000\040\000C\000o\000m\000p\000a\000r\000i\000s\000o\000n\000\040\000w\000i\000t\000h\000\040\000o\000t\000h\000e\000r\000\040\000S\000e\000a\000r\000c\000h\000i\000n\000g\000\040\000T\000e\000c\000h\000n\000i\000q\000u\000e\000s}{subsection.3.1}% 5
\BOOKMARK [2][-]{subsection.3.2}{\376\377\000H\000a\000s\000h\000\040\000F\000u\000n\000c\000t\000i\000o\000n\000s}{section.3}% 6
\BOOKMARK [3][-]{subsubsection.3.2.1}{\376\377\000H\000a\000s\000h\000\040\000F\000u\000n\000c\000t\000i\000o\000n}{subsection.3.2}% 7
\BOOKMARK [2][-]{subsection.3.3}{\376\377\000C\000o\000l\000l\000i\000s\000i\000o\000n\000\040\000R\000e\000s\000o\000l\000u\000t\000i\000o\000n\000\040\000T\000e\000c\000h\000n\000i\000q\000u\000e\000s}{section.3}% 8
\BOOKMARK [3][-]{subsubsection.3.3.1}{\376\377\000W\000i\000t\000h\000o\000u\000t\000\040\000R\000e\000p\000l\000a\000c\000e\000m\000e\000n\000t}{subsection.3.3}% 9
\BOOKMARK [3][-]{subsubsection.3.3.2}{\376\377\000W\000i\000t\000h\000\040\000R\000e\000p\000l\000a\000c\000e\000m\000e\000n\000t}{subsection.3.3}% 10
\BOOKMARK [1][-]{section.4}{\376\377\000P\000l\000a\000t\000f\000o\000r\000m}{}% 11
\BOOKMARK [1][-]{section.5}{\376\377\000T\000e\000s\000t\000\040\000C\000o\000n\000d\000i\000t\000i\000o\000n\000s}{}% 12
\BOOKMARK [1][-]{section.6}{\376\377\000I\000n\000p\000u\000t\000\040\000a\000n\000d\000\040\000O\000u\000t\000p\000u\000t}{}% 13
\BOOKMARK [1][-]{section.7}{\376\377\000P\000s\000e\000u\000d\000o\000\040\000C\000o\000d\000e}{}% 14
\BOOKMARK [2][-]{subsection.7.1}{\376\377\000L\000i\000n\000e\000a\000r\000\040\000P\000r\000o\000b\000i\000n\000g\000\040\000w\000i\000t\000h\000\040\000R\000e\000p\000l\000a\000c\000e\000m\000e\000n\000t}{section.7}% 15
\BOOKMARK [2][-]{subsection.7.2}{\376\377\000L\000i\000n\000e\000a\000r\000\040\000P\000r\000o\000b\000i\000n\000g\000\040\000w\000i\000t\000h\000o\000u\000t\000\040\000R\000e\000p\000l\000a\000c\000e\000m\000e\000n\000t}{section.7}% 16
\BOOKMARK [1][-]{section.8}{\376\377\000T\000i\000m\000e\000\040\000C\000o\000m\000p\000l\000e\000x\000i\000t\000y}{}% 17
\BOOKMARK [2][-]{subsection.8.1}{\376\377\000L\000i\000n\000e\000a\000r\000\040\000P\000r\000o\000b\000i\000n\000g}{section.8}% 18
\BOOKMARK [1][-]{section.9}{\376\377\000C\000o\000d\000e}{}% 19
\BOOKMARK [2][-]{subsection.9.1}{\376\377\000P\000r\000o\000g\000r\000a\000m}{section.9}% 20
\BOOKMARK [1][-]{section.10}{\376\377\000C\000o\000n\000c\000l\000u\000s\000i\000o\000n}{}% 21
\BOOKMARK [1][-]{section.11}{\376\377\000F\000A\000Q}{}% 22
