\BOOKMARK [1][-]{section.1}{\376\377\000O\000b\000j\000e\000c\000t\000i\000v\000e\000s}{}% 1
\BOOKMARK [1][-]{section.2}{\376\377\000P\000r\000o\000b\000l\000e\000m\000\040\000S\000t\000a\000t\000e\000m\000e\000n\000t}{}% 2
\BOOKMARK [1][-]{section.3}{\376\377\000T\000h\000e\000o\000r\000y}{}% 3
\BOOKMARK [2][-]{subsection.3.1}{\376\377\000S\000p\000a\000n\000n\000i\000n\000g\000\040\000T\000r\000e\000e}{section.3}% 4
\BOOKMARK [3][-]{subsubsection.3.1.1}{\376\377\000E\000x\000a\000m\000p\000l\000e\000\040\000o\000f\000\040\000S\000p\000a\000n\000n\000i\000n\000g\000\040\000T\000r\000e\000e}{subsection.3.1}% 5
\BOOKMARK [2][-]{subsection.3.2}{\376\377\000W\000e\000i\000g\000h\000t\000e\000d\000\040\000G\000r\000a\000p\000h}{section.3}% 6
\BOOKMARK [3][-]{subsubsection.3.2.1}{\376\377\000E\000x\000a\000m\000p\000l\000e\000\040\000o\000f\000\040\000W\000e\000i\000g\000h\000t\000e\000d\000\040\000G\000r\000a\000p\000h}{subsection.3.2}% 7
\BOOKMARK [2][-]{subsection.3.3}{\376\377\000C\000o\000s\000t\000\040\000A\000d\000j\000a\000c\000e\000n\000c\000y\000\040\000M\000a\000t\000r\000i\000x}{section.3}% 8
\BOOKMARK [3][-]{subsubsection.3.3.1}{\376\377\000E\000x\000a\000m\000p\000l\000e\000\040\000o\000f\000\040\000C\000o\000s\000t\000\040\000A\000d\000j\000a\000c\000e\000n\000c\000y\000\040\000M\000a\000t\000r\000i\000x}{subsection.3.3}% 9
\BOOKMARK [2][-]{subsection.3.4}{\376\377\000P\000r\000i\000m\000'\000s\000\040\000A\000l\000g\000o\000r\000i\000t\000h\000m}{section.3}% 10
\BOOKMARK [3][-]{subsubsection.3.4.1}{\376\377\000S\000t\000e\000p\000s}{subsection.3.4}% 11
\BOOKMARK [3][-]{subsubsection.3.4.2}{\376\377\000E\000x\000a\000m\000p\000l\000e\000\040\000o\000f\000\040\000P\000r\000i\000m\000'\000s\000\040\000A\000l\000g\000o\000r\000i\000t\000h\000m}{subsection.3.4}% 12
\BOOKMARK [1][-]{section.4}{\376\377\000P\000l\000a\000t\000f\000o\000r\000m}{}% 13
\BOOKMARK [1][-]{section.5}{\376\377\000T\000e\000s\000t\000\040\000C\000o\000n\000d\000i\000t\000i\000o\000n\000s}{}% 14
\BOOKMARK [1][-]{section.6}{\376\377\000I\000n\000p\000u\000t\000\040\000a\000n\000d\000\040\000O\000u\000t\000p\000u\000t}{}% 15
\BOOKMARK [1][-]{section.7}{\376\377\000P\000s\000e\000u\000d\000o\000\040\000C\000o\000d\000e}{}% 16
\BOOKMARK [2][-]{subsection.7.1}{\376\377\000A\000c\000c\000e\000p\000t\000i\000n\000g\000\040\000t\000h\000e\000\040\000S\000p\000a\000n\000n\000i\000n\000g\000\040\000T\000r\000e\000e\000\040\000u\000s\000i\000n\000g\000\040\000i\000t\000s\000\040\000a\000d\000j\000a\000c\000e\000n\000c\000y\000\040\000m\000a\000t\000r\000i\000x}{section.7}% 17
\BOOKMARK [2][-]{subsection.7.2}{\376\377\000D\000i\000s\000p\000l\000a\000y\000\040\000o\000f\000\040\000t\000h\000e\000\040\000S\000p\000a\000n\000n\000i\000n\000g\000\040\000T\000r\000e\000e\000\040\000u\000s\000i\000n\000g\000\040\000i\000t\000s\000\040\000a\000d\000j\000a\000c\000e\000n\000c\000y\000\040\000m\000a\000t\000r\000i\000x}{section.7}% 18
\BOOKMARK [2][-]{subsection.7.3}{\376\377\000P\000r\000i\000m\000'\000s\000\040\000A\000l\000g\000o\000r\000i\000t\000h\000m}{section.7}% 19
\BOOKMARK [1][-]{section.8}{\376\377\000T\000i\000m\000e\000\040\000C\000o\000m\000p\000l\000e\000x\000i\000t\000y}{}% 20
\BOOKMARK [2][-]{subsection.8.1}{\376\377\000C\000r\000e\000a\000t\000i\000o\000n\000\040\000o\000f\000\040\000M\000i\000n\000i\000m\000u\000m\000\040\000C\000o\000s\000t\000\040\000S\000p\000a\000n\000n\000i\000n\000g\000\040\000T\000r\000e\000e\000\040\000u\000s\000i\000n\000g\000\040\000i\000t\000s\000\040\000a\000d\000j\000a\000c\000e\000n\000c\000y\000\040\000m\000a\000t\000r\000i\000x}{section.8}% 21
\BOOKMARK [2][-]{subsection.8.2}{\376\377\000D\000i\000s\000p\000l\000a\000y\000\040\000o\000f\000\040\000M\000i\000n\000i\000m\000u\000m\000\040\000C\000o\000s\000t\000\040\000S\000p\000a\000n\000n\000i\000n\000g\000\040\000T\000r\000e\000e\000\040\000u\000s\000i\000n\000g\000\040\000i\000t\000s\000\040\000a\000d\000j\000a\000c\000e\000n\000c\000y\000\040\000m\000a\000t\000r\000i\000x}{section.8}% 22
\BOOKMARK [2][-]{subsection.8.3}{\376\377\000P\000r\000i\000m\000'\000s\000\040\000A\000l\000g\000o\000r\000i\000t\000h\000m}{section.8}% 23
\BOOKMARK [1][-]{section.9}{\376\377\000C\000o\000d\000e}{}% 24
\BOOKMARK [2][-]{subsection.9.1}{\376\377\000P\000r\000o\000g\000r\000a\000m}{section.9}% 25
\BOOKMARK [1][-]{section.10}{\376\377\000C\000o\000n\000c\000l\000u\000s\000i\000o\000n}{}% 26
\BOOKMARK [1][-]{section.11}{\376\377\000F\000A\000Q}{}% 27
