\BOOKMARK [1][-]{section.1}{\376\377\000O\000b\000j\000e\000c\000t\000i\000v\000e\000s}{}% 1
\BOOKMARK [1][-]{section.2}{\376\377\000P\000r\000o\000b\000l\000e\000m\000\040\000S\000t\000a\000t\000e\000m\000e\000n\000t}{}% 2
\BOOKMARK [1][-]{section.3}{\376\377\000T\000h\000e\000o\000r\000y}{}% 3
\BOOKMARK [2][-]{subsection.3.1}{\376\377\000B\000i\000n\000a\000r\000y\000\040\000S\000e\000a\000r\000c\000h\000\040\000T\000r\000e\000e}{section.3}% 4
\BOOKMARK [2][-]{subsection.3.2}{\376\377\000B\000r\000e\000a\000d\000t\000h\000\040\000F\000i\000r\000s\000t\000\040\000T\000r\000a\000v\000e\000r\000s\000a\000l}{section.3}% 5
\BOOKMARK [2][-]{subsection.3.3}{\376\377\000D\000i\000f\000f\000e\000r\000e\000n\000t\000\040\000o\000p\000e\000r\000a\000t\000i\000o\000n\000s\000\040\000o\000n\000\040\000b\000i\000n\000a\000r\000y\000\040\000s\000e\000a\000r\000c\000h\000\040\000t\000r\000e\000e}{section.3}% 6
\BOOKMARK [3][-]{subsubsection.3.3.1}{\376\377\000C\000o\000p\000y}{subsection.3.3}% 7
\BOOKMARK [3][-]{subsubsection.3.3.2}{\376\377\000I\000n\000s\000e\000r\000t}{subsection.3.3}% 8
\BOOKMARK [3][-]{subsubsection.3.3.3}{\376\377\000M\000i\000r\000r\000o\000r\000\040\000I\000m\000a\000g\000e}{subsection.3.3}% 9
\BOOKMARK [3][-]{subsubsection.3.3.4}{\376\377\000D\000e\000l\000e\000t\000e}{subsection.3.3}% 10
\BOOKMARK [1][-]{section.4}{\376\377\000P\000l\000a\000t\000f\000o\000r\000m}{}% 11
\BOOKMARK [1][-]{section.5}{\376\377\000I\000n\000p\000u\000t}{}% 12
\BOOKMARK [1][-]{section.6}{\376\377\000O\000u\000t\000p\000u\000t}{}% 13
\BOOKMARK [1][-]{section.7}{\376\377\000T\000e\000s\000t\000\040\000C\000o\000n\000d\000i\000t\000i\000o\000n\000s}{}% 14
\BOOKMARK [1][-]{section.8}{\376\377\000P\000s\000e\000u\000d\000o\000\040\000C\000o\000d\000e}{}% 15
\BOOKMARK [2][-]{subsection.8.1}{\376\377\000C\000r\000e\000a\000t\000e}{section.8}% 16
\BOOKMARK [2][-]{subsection.8.2}{\376\377\000D\000i\000s\000p\000l\000a\000y}{section.8}% 17
\BOOKMARK [2][-]{subsection.8.3}{\376\377\000D\000e\000l\000e\000t\000e}{section.8}% 18
\BOOKMARK [2][-]{subsection.8.4}{\376\377\000M\000i\000r\000r\000o\000r\000\040\000I\000m\000a\000g\000e}{section.8}% 19
\BOOKMARK [2][-]{subsection.8.5}{\376\377\000C\000o\000p\000y}{section.8}% 20
\BOOKMARK [1][-]{section.9}{\376\377\000T\000i\000m\000e\000\040\000C\000o\000m\000p\000l\000e\000x\000i\000t\000y}{}% 21
\BOOKMARK [2][-]{subsection.9.1}{\376\377\000C\000r\000e\000a\000t\000e}{section.9}% 22
\BOOKMARK [2][-]{subsection.9.2}{\376\377\000D\000i\000s\000p\000l\000a\000y}{section.9}% 23
\BOOKMARK [2][-]{subsection.9.3}{\376\377\000D\000e\000l\000e\000t\000e}{section.9}% 24
\BOOKMARK [2][-]{subsection.9.4}{\376\377\000M\000i\000r\000r\000o\000r\000\040\000I\000m\000a\000g\000e}{section.9}% 25
\BOOKMARK [2][-]{subsection.9.5}{\376\377\000C\000o\000p\000y}{section.9}% 26
\BOOKMARK [1][-]{section.10}{\376\377\000C\000o\000d\000e}{}% 27
\BOOKMARK [2][-]{subsection.10.1}{\376\377\000P\000r\000o\000g\000r\000a\000m}{section.10}% 28
\BOOKMARK [2][-]{subsection.10.2}{\376\377\000I\000n\000p\000u\000t\000\040\000a\000n\000d\000\040\000O\000u\000t\000p\000u\000t}{section.10}% 29
\BOOKMARK [1][-]{section.11}{\376\377\000C\000o\000n\000c\000l\000u\000s\000i\000o\000n}{}% 30
\BOOKMARK [1][-]{section.12}{\376\377\000F\000A\000Q}{}% 31
