INFO:  latexindent version 3.17.2, 2022-04-14, a script to indent .tex files
       latexindent lives here: /usr/share/texmf-dist/scripts/latexindent/
       Thu Mar  9 22:04:21 2023
       Filename: /run/media/krishnaraj/Classes/University/Second Year/Second Semester/Database Management Systems/Lab/Assignment_3/Assignment_3.tex
INFO:  Processing switches:
INFO:  Directory for backup files and indent.log:
       /run/media/krishnaraj/Classes/University/Second Year/Second Semester/Database Management Systems/Lab/Assignment_3
INFO:  YAML settings read: defaultSettings.yaml
       Reading defaultSettings.yaml from /usr/share/texmf-dist/scripts/latexindent/defaultSettings.yaml
INFO:  YAML settings read: indentconfig.yaml or .indentconfig.yaml
       Home directory is /home/krishnaraj (didn't find either indentconfig.yaml or .indentconfig.yaml)
       To specify user settings you would put indentconfig.yaml here: /home/krishnaraj/indentconfig.yaml
       Alternatively, you can use the hidden file .indentconfig.yaml as: /home/krishnaraj/.indentconfig.yaml
INFO:  Phase 1: searching for objects
INFO:  Phase 2: finding surrounding indentation
INFO:  Phase 3: indenting objects
INFO:  Phase 4: final indentation check
INFO:  Output routine:
       Not outputting to file; see -w and -o switches for more options.
       --------------
INFO:  Please direct all communication/issues to:
        https://github.com/cmhughes/latexindent.pl
