\BOOKMARK [1][-]{section.1}{\376\377\000A\000i\000m}{}% 1
\BOOKMARK [1][-]{section.2}{\376\377\000O\000b\000j\000e\000c\000t\000i\000v\000e\000s}{}% 2
\BOOKMARK [1][-]{section.3}{\376\377\000T\000h\000e\000o\000r\000y}{}% 3
\BOOKMARK [2][-]{subsection.3.1}{\376\377\000D\000i\000f\000f\000e\000r\000e\000n\000t\000\040\000O\000p\000e\000r\000a\000t\000i\000o\000n\000s\000\040\000p\000e\000r\000f\000o\000r\000m\000e\000d\000\040\000o\000n\000\040\000D\000i\000c\000t\000i\000o\000n\000a\000r\000i\000e\000s}{section.3}% 4
\BOOKMARK [3][-]{subsubsection.3.1.1}{\376\377\000C\000r\000e\000a\000t\000i\000n\000g\000\040\000a\000\040\000D\000i\000c\000t\000i\000o\000n\000a\000r\000y}{subsection.3.1}% 5
\BOOKMARK [3][-]{subsubsection.3.1.2}{\376\377\000A\000c\000c\000e\000s\000s\000i\000n\000g\000\040\000e\000l\000e\000m\000e\000n\000t\000s\000\040\000f\000r\000o\000m\000\040\000a\000\040\000D\000i\000c\000t\000i\000o\000n\000a\000r\000y}{subsection.3.1}% 6
\BOOKMARK [3][-]{subsubsection.3.1.3}{\376\377\000C\000h\000a\000n\000g\000i\000n\000g\000\040\000a\000n\000d\000\040\000A\000d\000d\000i\000n\000g\000\040\000D\000i\000c\000t\000i\000o\000n\000a\000r\000y\000\040\000e\000l\000e\000m\000e\000n\000t\000s}{subsection.3.1}% 7
\BOOKMARK [3][-]{subsubsection.3.1.4}{\376\377\000R\000e\000m\000o\000v\000i\000n\000g\000\040\000e\000l\000e\000m\000e\000n\000t\000s\000\040\000f\000r\000o\000m\000\040\000a\000\040\000D\000i\000c\000t\000i\000o\000n\000a\000r\000y}{subsection.3.1}% 8
\BOOKMARK [2][-]{subsection.3.2}{\376\377\000D\000i\000f\000f\000e\000r\000e\000n\000t\000\040\000O\000p\000e\000r\000a\000t\000i\000o\000n\000s\000\040\000p\000e\000r\000f\000o\000r\000m\000e\000d\000\040\000o\000n\000\040\000T\000u\000p\000l\000e\000s}{section.3}% 9
\BOOKMARK [3][-]{subsubsection.3.2.1}{\376\377\000C\000r\000e\000a\000t\000i\000n\000g\000\040\000a\000\040\000T\000u\000p\000l\000e}{subsection.3.2}% 10
\BOOKMARK [3][-]{subsubsection.3.2.2}{\376\377\000A\000c\000c\000e\000s\000s\000i\000n\000g\000\040\000e\000l\000e\000m\000e\000n\000t\000s\000\040\000f\000r\000o\000m\000\040\000a\000\040\000T\000u\000p\000l\000e}{subsection.3.2}% 11
\BOOKMARK [3][-]{subsubsection.3.2.3}{\376\377\000C\000h\000a\000n\000g\000i\000n\000g\000\040\000a\000n\000d\000\040\000A\000d\000d\000i\000n\000g\000\040\000T\000u\000p\000l\000e\000\040\000e\000l\000e\000m\000e\000n\000t\000s}{subsection.3.2}% 12
\BOOKMARK [3][-]{subsubsection.3.2.4}{\376\377\000R\000e\000m\000o\000v\000i\000n\000g\000\040\000e\000l\000e\000m\000e\000n\000t\000s\000\040\000f\000r\000o\000m\000\040\000a\000\040\000T\000u\000p\000l\000e}{subsection.3.2}% 13
\BOOKMARK [1][-]{section.4}{\376\377\000I\000n\000p\000u\000t\000\040\000a\000n\000d\000\040\000O\000u\000t\000p\000u\000t}{}% 14
\BOOKMARK [2][-]{subsection.4.1}{\376\377\000I\000n\000p\000u\000t}{section.4}% 15
\BOOKMARK [2][-]{subsection.4.2}{\376\377\000O\000u\000t\000p\000u\000t}{section.4}% 16
\BOOKMARK [1][-]{section.5}{\376\377\000C\000o\000d\000e}{}% 17
\BOOKMARK [2][-]{subsubsection.5.0.1}{\376\377\000W\000r\000i\000t\000e\000\040\000a\000\040\000p\000y\000t\000h\000o\000n\000\040\000p\000r\000o\000g\000r\000a\000m\000\040\000t\000o\000\040\000c\000r\000e\000a\000t\000e\000,\000\040\000a\000p\000p\000e\000n\000d\000\040\000a\000n\000d\000\040\000r\000e\000m\000o\000v\000e\000\040\000e\000t\000c\000.\000\040\000o\000p\000e\000r\000a\000t\000i\000o\000n\000\040\000o\000n\000\040\000D\000i\000c\000t\000i\000o\000n\000a\000r\000y\000\040\000a\000n\000d\000\040\000T\000u\000p\000l\000e\000.}{section.5}% 18
\BOOKMARK [3][-]{subsubsection.5.0.2}{\376\377\000C\000r\000e\000a\000t\000i\000n\000g\000\040\000a\000\040\000t\000u\000p\000l\000e}{subsubsection.5.0.1}% 19
\BOOKMARK [3][-]{subsubsection.5.0.3}{\376\377\000A\000p\000p\000e\000n\000d\000i\000n\000g\000\040\000t\000o\000\040\000a\000\040\000t\000u\000p\000l\000e}{subsubsection.5.0.1}% 20
\BOOKMARK [3][-]{subsubsection.5.0.4}{\376\377\000D\000i\000f\000f\000e\000r\000e\000n\000c\000e\000\040\000b\000e\000t\000w\000e\000e\000n\000\040\000t\000u\000p\000l\000e\000\040\000a\000n\000d\000\040\000l\000i\000s\000t}{subsubsection.5.0.1}% 21
\BOOKMARK [3][-]{subsubsection.5.0.5}{\376\377\000S\000o\000m\000e\000\040\000P\000r\000o\000p\000e\000r\000t\000i\000e\000s\000\040\000o\000f\000\040\000t\000u\000p\000l\000e}{subsubsection.5.0.1}% 22
\BOOKMARK [3][-]{subsubsection.5.0.6}{\376\377\000Y\000o\000u\000\040\000c\000a\000n\000\040\000c\000h\000a\000n\000g\000e\000\040\000m\000u\000t\000a\000b\000l\000e\000\040\000e\000l\000e\000m\000e\000n\000t\000s\000\040\000i\000n\000s\000i\000d\000e\000\040\000a\000\040\000t\000u\000p\000l\000e}{subsubsection.5.0.1}% 23
\BOOKMARK [3][-]{subsubsection.5.0.7}{\376\377\000P\000r\000i\000n\000t\000i\000n\000g\000\040\000e\000v\000e\000r\000y\000t\000h\000i\000n\000g\000\040\000a\000b\000o\000u\000t\000\040\000t\000h\000e\000\040\000t\000u\000p\000l\000e}{subsubsection.5.0.1}% 24
\BOOKMARK [3][-]{subsubsection.5.0.8}{\376\377\000S\000o\000m\000e\000\040\000f\000u\000n\000c\000t\000i\000o\000n\000s\000\040\000o\000n\000\040\000t\000u\000p\000l\000e\000s}{subsubsection.5.0.1}% 25
\BOOKMARK [2][-]{subsection.5.1}{\376\377\000D\000i\000c\000t\000i\000o\000n\000a\000r\000i\000e\000s}{section.5}% 26
\BOOKMARK [3][-]{subsubsection.5.1.1}{\376\377\000D\000i\000f\000f\000e\000r\000e\000n\000t\000\040\000w\000a\000y\000s\000\040\000t\000o\000\040\000c\000r\000e\000a\000t\000e\000\040\000a\000\040\000d\000i\000c\000t\000i\000o\000n\000a\000r\000y}{subsection.5.1}% 27
\BOOKMARK [3][-]{subsubsection.5.1.2}{\376\377\000A\000c\000c\000e\000s\000s\000i\000n\000g\000\040\000e\000l\000e\000m\000e\000n\000t\000s\000\040\000f\000r\000o\000m\000\040\000a\000\040\000d\000i\000c\000t\000i\000o\000n\000a\000r\000y}{subsection.5.1}% 28
\BOOKMARK [3][-]{subsubsection.5.1.3}{\376\377\000A\000d\000d\000i\000n\000g\000\040\000i\000t\000e\000m\000s\000\040\000t\000o\000\040\000a\000\040\000d\000i\000c\000t\000i\000o\000n\000a\000r\000y}{subsection.5.1}% 29
\BOOKMARK [3][-]{subsubsection.5.1.4}{\376\377\000S\000o\000m\000e\000\040\000f\000u\000n\000c\000t\000i\000o\000n\000s\000\040\000o\000f\000\040\000a\000\040\000d\000i\000c\000t\000i\000o\000n\000a\000r\000y}{subsection.5.1}% 30
\BOOKMARK [2][-]{subsection.5.2}{\376\377\000A\000s\000s\000i\000g\000n\000m\000e\000n\000t\000\040\000t\000h\000i\000n\000g\000s}{section.5}% 31
\BOOKMARK [2][-]{subsection.5.3}{\376\377\0002\000.\000\040\000d\000i\000c\000t\000\040\000f\000r\000o\000m\000\040\000l\000i\000s\000t}{section.5}% 32
\BOOKMARK [2][-]{subsection.5.4}{\376\377\0003\000.\000\040\000s\000o\000r\000t\000\040\000e\000l\000e\000m\000e\000n\000t\000s}{section.5}% 33
\BOOKMARK [2][-]{subsection.5.5}{\376\377\0004\000.\000\040\000M\000a\000k\000e\000\040\0001\000\040\000l\000i\000s\000t\000\040\000o\000f\000\040\000k\000e\000y\000s\000\040\000a\000n\000d\000\040\000o\000t\000h\000e\000r\000\040\000l\000i\000s\000t\000\040\000o\000f\000\040\000v\000a\000l\000u\000e\000s}{section.5}% 34
\BOOKMARK [2][-]{subsection.5.6}{\376\377\0005\000.\000\040\000F\000i\000n\000d\000\040\000t\000h\000e\000\040\000m\000e\000a\000n\000\040\000v\000a\000l\000u\000e\000\040\000o\000f\000\040\000t\000h\000e\000\040\000d\000i\000c\000t\000i\000o\000n\000a\000r\000y}{section.5}% 35
\BOOKMARK [2][-]{subsection.5.7}{\376\377\0006\000.\000\040\000P\000e\000r\000f\000o\000r\000m\000\040\000t\000h\000e\000\040\000f\000o\000l\000l\000o\000w\000i\000n\000g\000\040\000o\000p\000e\000r\000a\000t\000i\000o\000n\000s\000\040\000o\000n\000\040\000t\000h\000e\000\040\000d\000i\000c\000t\000i\000o\000n\000a\000r\000y}{section.5}% 36
\BOOKMARK [1][-]{section.6}{\376\377\000C\000o\000n\000c\000l\000u\000s\000i\000o\000n}{}% 37
\BOOKMARK [1][-]{section.7}{\376\377\000F\000A\000Q}{}% 38
