INFO:  latexindent version 3.17.2, 2022-04-14, a script to indent .tex files
       latexindent lives here: /usr/share/texmf-dist/scripts/latexindent/
       Sat Mar 18 13:25:04 2023
       Filename: /run/media/krishnaraj/Classes/University/Second Year/Second Semester/Python Programming/Lab/Assignment 6/__latexindent_temp_Assignment_6.tex
INFO:  Processing switches:
       -y|--yaml: YAML settings specified via command line
       -c|--cruft: cruft directory
INFO:  Directory for backup files and /run/media/krishnaraj/Classes/University/Second Year/Second Semester/Python Programming/Lab/Assignment 5//indent.log:
       /run/media/krishnaraj/Classes/University/Second Year/Second Semester/Python Programming/Lab/Assignment 5/
INFO:  YAML settings read: defaultSettings.yaml
       Reading defaultSettings.yaml from /usr/share/texmf-dist/scripts/latexindent/defaultSettings.yaml
INFO:  YAML settings read: indentconfig.yaml or .indentconfig.yaml
       Home directory is /home/krishnaraj (didn't find either indentconfig.yaml or .indentconfig.yaml)
       To specify user settings you would put indentconfig.yaml here: /home/krishnaraj/indentconfig.yaml
       Alternatively, you can use the hidden file .indentconfig.yaml as: /home/krishnaraj/.indentconfig.yaml
INFO:  YAML settings read: -y switch
       YAML setting: defaultIndent:'    '
       single-quoted string found in -y switch: '    ', substitute to     
       Updating mainSettings with defaultIndent:     
INFO:  Phase 1: searching for objects
INFO:  Phase 2: finding surrounding indentation
INFO:  Phase 3: indenting objects
INFO:  Phase 4: final indentation check
INFO:  Output routine:
       Not outputting to file; see -w and -o switches for more options.
       --------------
INFO:  Please direct all communication/issues to:
        https://github.com/cmhughes/latexindent.pl
