\BOOKMARK [1][-]{section.1}{\376\377\000A\000i\000m}{}% 1
\BOOKMARK [1][-]{section.2}{\376\377\000O\000b\000j\000e\000c\000t\000i\000v\000e\000s}{}% 2
\BOOKMARK [1][-]{section.3}{\376\377\000T\000h\000e\000o\000r\000y}{}% 3
\BOOKMARK [2][-]{subsection.3.1}{\376\377\000N\000u\000m\000p\000y\000\040\000L\000i\000b\000r\000a\000r\000y}{section.3}% 4
\BOOKMARK [2][-]{subsection.3.2}{\376\377\000N\000u\000m\000p\000y\000\040\000F\000u\000n\000c\000t\000i\000o\000n\000s}{section.3}% 5
\BOOKMARK [3][-]{subsubsection.3.2.1}{\376\377\000a\000r\000r\000a\000n\000g\000e\000\050\000\051}{subsection.3.2}% 6
\BOOKMARK [3][-]{subsubsection.3.2.2}{\376\377\000s\000h\000a\000p\000e\000\050\000\051}{subsection.3.2}% 7
\BOOKMARK [3][-]{subsubsection.3.2.3}{\376\377\000r\000e\000s\000h\000a\000p\000e\000\050\000\051}{subsection.3.2}% 8
\BOOKMARK [3][-]{subsubsection.3.2.4}{\376\377\000s\000i\000z\000e\000\050\000\051}{subsection.3.2}% 9
\BOOKMARK [3][-]{subsubsection.3.2.5}{\376\377\000n\000d\000i\000m\000\050\000\051}{subsection.3.2}% 10
\BOOKMARK [3][-]{subsubsection.3.2.6}{\376\377\000e\000y\000e\000s\000\050\000\051}{subsection.3.2}% 11
\BOOKMARK [3][-]{subsubsection.3.2.7}{\376\377\000o\000n\000e\000s\000\050\000\051}{subsection.3.2}% 12
\BOOKMARK [3][-]{subsubsection.3.2.8}{\376\377\000z\000e\000r\000o\000s\000\050\000\051}{subsection.3.2}% 13
\BOOKMARK [3][-]{subsubsection.3.2.9}{\376\377\000d\000t\000y\000p\000e\000\050\000\051}{subsection.3.2}% 14
\BOOKMARK [1][-]{section.4}{\376\377\000I\000n\000p\000u\000t\000\040\000a\000n\000d\000\040\000O\000u\000t\000p\000u\000t}{}% 15
\BOOKMARK [2][-]{subsection.4.1}{\376\377\000I\000n\000p\000u\000t}{section.4}% 16
\BOOKMARK [2][-]{subsection.4.2}{\376\377\000O\000u\000t\000p\000u\000t}{section.4}% 17
\BOOKMARK [1][-]{section.5}{\376\377\000R\000e\000q\000u\000i\000r\000e\000m\000e\000n\000t\000s}{}% 18
\BOOKMARK [1][-]{section.6}{\376\377\000C\000o\000d\000e}{}% 19
\BOOKMARK [1][-]{section.7}{\376\377\000R\000e\000g\000e\000x\000\040\000S\000t\000u\000f\000f}{}% 20
\BOOKMARK [2][-]{subsubsection.7.0.1}{\376\377\000S\000e\000a\000r\000c\000h}{section.7}% 21
\BOOKMARK [3][-]{subsubsection.7.0.2}{\376\377\000A\000s\000s\000i\000g\000n\000m\000e\000n\000t\000\040\000s\000t\000u\000f\000f}{subsubsection.7.0.1}% 22
\BOOKMARK [3][-]{subsubsection.7.0.3}{\376\377\0002\000.\000\040\000M\000a\000t\000c\000h\000\040\000a\000n\000y\000\040\000p\000a\000i\000r\000\040\000o\000f\000\040\000w\000o\000r\000d\000s\000\040\000s\000e\000p\000a\000r\000a\000t\000e\000d\000\040\000b\000y\000\040\000a\000\040\000s\000i\000n\000g\000l\000e\000\040\000s\000p\000a\000c\000e\000.\000\040\000T\000h\000a\000t\000\040\000i\000s\000\040\000f\000i\000r\000s\000t\000\040\000a\000n\000d\000\040\000l\000a\000s\000t\000\040\000n\000a\000m\000e\000s}{subsubsection.7.0.1}% 23
\BOOKMARK [3][-]{subsubsection.7.0.4}{\376\377\0003\000.\000\040\000M\000a\000t\000c\000h\000\040\000a\000n\000y\000\040\000w\000o\000r\000d\000\040\000a\000n\000d\000\040\000s\000i\000n\000g\000l\000e\000\040\000l\000e\000t\000t\000e\000r\000\040\000s\000e\000p\000a\000r\000a\000t\000e\000d\000\040\000b\000y\000\040\000a\000\040\000c\000o\000m\000m\000a\000\040\000a\000n\000d\000\040\000a\000\040\000s\000i\000n\000g\000l\000e\000\040\000s\000p\000a\000c\000e\000.}{subsubsection.7.0.1}% 24
\BOOKMARK [1][-]{section.8}{\376\377\000C\000o\000n\000c\000l\000u\000s\000i\000o\000n}{}% 25
\BOOKMARK [1][-]{section.9}{\376\377\000F\000A\000Q}{}% 26
