\BOOKMARK [1][-]{section.1}{\376\377\000I\000n\000t\000r\000o\000d\000u\000c\000t\000i\000o\000n}{}% 1
\BOOKMARK [1][-]{section.2}{\376\377\000M\000e\000t\000h\000o\000d\000o\000l\000o\000g\000y}{}% 2
\BOOKMARK [1][-]{section.3}{\376\377\000P\000l\000a\000t\000f\000o\000r\000m}{}% 3
\BOOKMARK [1][-]{section.4}{\376\377\000R\000e\000q\000u\000i\000r\000e\000m\000e\000n\000t\000s}{}% 4
\BOOKMARK [1][-]{section.5}{\376\377\000I\000n\000s\000t\000a\000l\000l\000a\000t\000i\000o\000n\000\040\000a\000n\000d\000\040\000R\000u\000n\000n\000i\000n\000g}{}% 5
\BOOKMARK [1][-]{section.6}{\376\377\000D\000a\000t\000a\000b\000a\000s\000e\000\040\000S\000c\000r\000e\000e\000n\000s\000h\000o\000t\000s}{}% 6
\BOOKMARK [2][-]{subsection.6.1}{\376\377\000M\000o\000n\000g\000o\000D\000B}{section.6}% 7
\BOOKMARK [2][-]{subsection.6.2}{\376\377\000L\000o\000c\000a\000l\000\040\000C\000S\000V\000\040\000F\000i\000l\000e\000s}{section.6}% 8
\BOOKMARK [1][-]{section.7}{\376\377\000U\000n\000i\000q\000u\000e\000\040\000F\000e\000a\000t\000u\000r\000e\000s}{}% 9
\BOOKMARK [2][-]{subsection.7.1}{\376\377\000D\000a\000r\000k\000\040\000M\000o\000d\000e}{section.7}% 10
\BOOKMARK [2][-]{subsection.7.2}{\376\377\000D\000a\000t\000a\000\040\000B\000a\000c\000k\000u\000p}{section.7}% 11
\BOOKMARK [2][-]{subsection.7.3}{\376\377\000W\000e\000b\000\040\000S\000c\000r\000a\000p\000p\000i\000n\000g}{section.7}% 12
\BOOKMARK [2][-]{subsection.7.4}{\376\377\000W\000o\000r\000k\000i\000n\000g\000\040\000L\000o\000g\000i\000n\000\040\000a\000n\000d\000\040\000A\000c\000c\000o\000u\000n\000t\000\040\000C\000r\000e\000a\000t\000i\000o\000n}{section.7}% 13
\BOOKMARK [1][-]{section.8}{\376\377\000C\000o\000l\000o\000r\000\040\000S\000c\000h\000e\000m\000e\000s\000\040\000U\000s\000e\000d}{}% 14
\BOOKMARK [1][-]{section.9}{\376\377\000S\000c\000r\000e\000e\000n\000s\000h\000o\000t\000s\000\040\000o\000f\000\040\000t\000h\000e\000\040\000P\000r\000o\000j\000e\000c\000t}{}% 15
\BOOKMARK [2][-]{subsection.9.1}{\376\377\000T\000h\000e\000\040\000L\000o\000g\000i\000n\000\040\000P\000a\000g\000e}{section.9}% 16
\BOOKMARK [2][-]{subsection.9.2}{\376\377\000T\000h\000e\000\040\000M\000e\000n\000u\000\040\000S\000c\000r\000e\000e\000n}{section.9}% 17
\BOOKMARK [2][-]{subsection.9.3}{\376\377\000T\000h\000e\000\040\000T\000o\000p\000i\000c\000\040\000S\000e\000l\000e\000c\000t\000i\000o\000n\000\040\000S\000c\000r\000e\000e\000n}{section.9}% 18
\BOOKMARK [2][-]{subsection.9.4}{\376\377\000T\000h\000e\000\040\000H\000i\000g\000h\000s\000c\000o\000r\000e\000\040\000S\000c\000r\000e\000e\000n}{section.9}% 19
\BOOKMARK [2][-]{subsection.9.5}{\376\377\000T\000h\000e\000\040\000H\000e\000l\000p\000\040\000a\000n\000d\000\040\000A\000b\000o\000u\000t}{section.9}% 20
\BOOKMARK [2][-]{subsection.9.6}{\376\377\000T\000h\000e\000\040\000G\000a\000m\000e\000\040\000O\000v\000e\000r\000\040\000S\000c\000r\000e\000e\000n}{section.9}% 21
\BOOKMARK [1][-]{section.10}{\376\377\000W\000a\000l\000k\000-\000T\000h\000r\000o\000u\000g\000h\000\040\000o\000f\000\040\000t\000h\000e\000\040\000F\000i\000l\000e\000s}{}% 22
\BOOKMARK [2][-]{subsection.10.1}{\376\377\000P\000r\000o\000j\000e\000c\000t\000\040\000S\000t\000r\000u\000c\000t\000u\000r\000e}{section.10}% 23
\BOOKMARK [2][-]{subsection.10.2}{\376\377\000T\000o\000p\000i\000c\000s\000F\000r\000a\000m\000e\000.\000j\000a\000v\000a}{section.10}% 24
\BOOKMARK [2][-]{subsection.10.3}{\376\377\000M\000o\000n\000g\000o\000M\000a\000n\000a\000g\000e\000r\000.\000j\000a\000v\000a}{section.10}% 25
\BOOKMARK [2][-]{subsection.10.4}{\376\377\000M\000e\000n\000u\000F\000r\000a\000m\000e\000.\000j\000a\000v\000a}{section.10}% 26
\BOOKMARK [2][-]{subsection.10.5}{\376\377\000M\000a\000i\000n\000.\000j\000a\000v\000a}{section.10}% 27
\BOOKMARK [2][-]{subsection.10.6}{\376\377\000L\000o\000g\000i\000n\000F\000r\000a\000m\000e\000.\000j\000a\000v\000a}{section.10}% 28
\BOOKMARK [2][-]{subsection.10.7}{\376\377\000H\000i\000g\000h\000s\000c\000o\000r\000e\000F\000r\000a\000m\000e\000.\000j\000a\000v\000a}{section.10}% 29
\BOOKMARK [2][-]{subsection.10.8}{\376\377\000H\000e\000l\000p\000F\000r\000a\000m\000e\000.\000j\000a\000v\000a}{section.10}% 30
\BOOKMARK [2][-]{subsection.10.9}{\376\377\000G\000a\000m\000e\000O\000v\000e\000r\000F\000r\000a\000m\000e\000.\000j\000a\000v\000a}{section.10}% 31
\BOOKMARK [2][-]{subsection.10.10}{\376\377\000G\000a\000m\000e\000F\000r\000a\000m\000e\000.\000j\000a\000v\000a}{section.10}% 32
\BOOKMARK [2][-]{subsection.10.11}{\376\377\000\040\000D\000a\000t\000a\000B\000a\000s\000e\000M\000a\000n\000a\000g\000e\000r\000.\000j\000a\000v\000a}{section.10}% 33
\BOOKMARK [2][-]{subsection.10.12}{\376\377\000\040\000C\000o\000l\000o\000r\000s\000.\000j\000a\000v\000a}{section.10}% 34
\BOOKMARK [2][-]{subsection.10.13}{\376\377\000\040\000B\000a\000c\000k\000g\000r\000o\000u\000n\000d\000P\000a\000n\000e\000l\000.\000j\000a\000v\000a}{section.10}% 35
\BOOKMARK [2][-]{subsection.10.14}{\376\377\000\040\000A\000m\000a\000z\000o\000n\000S\000c\000r\000a\000p\000p\000e\000r\000.\000j\000a\000v\000a}{section.10}% 36
\BOOKMARK [1][-]{section.11}{\376\377\000C\000o\000n\000c\000l\000u\000s\000i\000o\000n\000\040\000a\000n\000d\000\040\000T\000o\000p\000i\000c\000s\000\040\000L\000e\000a\000r\000n\000t}{}% 37
\BOOKMARK [1][-]{section.12}{\376\377\000D\000e\000p\000e\000n\000d\000e\000n\000c\000i\000e\000s}{}% 38
\BOOKMARK [1][-]{section.13}{\376\377\000C\000o\000d\000e\000\040\000F\000i\000l\000e\000s}{}% 39
