INFO:  latexindent version 3.20.3, 2023-02-19, a script to indent .tex files
       latexindent lives here: /usr/share/texmf-dist/scripts/latexindent/
       Tue May  2 00:15:33 2023
       Filename: /run/media/krishnaraj/Classes/University/Second Year/Second Semester/Internet of Things/Lab/Assignment 2/__latexindent_temp_Assignment_2.tex
INFO:  Processing switches:
       -y|--yaml: YAML settings specified via command line
       -c|--cruft: cruft directory
INFO:  Directory for backup files and /run/media/krishnaraj/Classes/University/Second Year/Second Semester/Internet of Things/Lab/Assignment 2//indent.log:
       /run/media/krishnaraj/Classes/University/Second Year/Second Semester/Internet of Things/Lab/Assignment 2/
INFO:  YAML settings read: defaultSettings.yaml
       Reading defaultSettings.yaml from /usr/share/texmf-dist/scripts/latexindent/defaultSettings.yaml
INFO:  YAML reading settings
       Home directory is /home/krishnaraj
       latexindent.pl didn't find indentconfig.yaml or .indentconfig.yaml
       see all possible locations: https://latexindentpl.readthedocs.io/en/latest/sec-appendices.html#indentconfig-options)
INFO:  YAML settings read: -y switch
       YAML setting: defaultIndent:'\t'
       single-quoted string found in -y switch: '\t', substitute to 	
       Updating mainSettings with defaultIndent: 	
FATAL I couldn't find /run/media/krishnaraj/Classes/University/Second Year/Second Semester/Internet of Things/Lab/Assignment 2/__latexindent_temp_Assignment_2.tex, are you sure it exists?
      Exiting, no indentation done.
       --------------
INFO:  Please direct all communication/issues to:
        https://github.com/cmhughes/latexindent.pl
